\BOOKMARK [0][-]{part.1}{\376\377\000I\000\040\000I\000n\000t\000r\000o\000d\000u\000c\000t\000i\000o\000n}{}% 1
\BOOKMARK [0][-]{part.2}{\376\377\000I\000I\000\040\000P\000a\000r\000t\0002\000\040}{}% 2
\BOOKMARK [1][-]{section.1}{\376\377\173\227\147\057\127\372\147\054\133\232\164\006}{part.2}% 3
\BOOKMARK [1][-]{section.2}{\376\377\116\343\145\160\127\372\147\054\133\232\164\006}{part.2}% 4
\BOOKMARK [1][-]{section.3}{\376\377\131\032\230\171\137\017\226\144\154\325\060\001\131\032\230\171\137\017\117\131\137\017\133\232\164\006}{part.2}% 5
\BOOKMARK [1][-]{section.4}{\376\377\126\340\137\017\133\232\164\006\000\050\000F\000a\000c\000t\000o\000r\000\040\000t\000h\000e\000o\000r\000e\000m\000\051}{part.2}% 6
\BOOKMARK [1][-]{section.5}{\376\377\131\032\230\171\137\017\126\340\137\017\122\006\211\343\125\057\116\000\133\232\164\006}{part.2}% 7
\BOOKMARK [1][-]{section.6}{\376\377\147\011\164\006\150\071\133\232\164\006\000\050\000R\000a\000t\000i\000o\000n\000a\000l\000\040\000r\000o\000o\000t\000\040\000t\000h\000e\000o\000r\000e\000m\000\051}{part.2}% 8
\BOOKMARK [1][-]{section.7}{\376\377\227\346\217\276\133\232\164\006\000\050\000V\000i\000e\000t\000a\000'\000s\000\040\000f\000o\000r\000m\000u\000l\000a\000s\000\051}{part.2}% 9
\BOOKMARK [2][-]{subsection.7.1}{\376\377\000P\000r\000o\000o\000f}{section.7}% 10
\BOOKMARK [2][-]{subsection.7.2}{\376\377\227\346\217\276\133\232\164\006\166\204\220\006\133\232\164\006}{section.7}% 11
\BOOKMARK [2][-]{subsection.7.3}{\376\377\000E\000x\000a\000m\000p\000l\000e\000s}{section.7}% 12
\BOOKMARK [1][-]{section.8}{\376\377\116\214\230\171\137\017\133\232\164\006\000\050\000B\000i\000n\000o\000m\000i\000a\000l\000\040\000t\000h\000e\000o\000r\000e\000m\000\051}{part.2}% 13
\BOOKMARK [1][-]{section.9}{\376\377\153\047\121\340\221\314\137\227\173\227\154\325\060\001\146\364\166\370\121\317\143\137\147\057}{part.2}% 14
\BOOKMARK [2][-]{subsection.9.1}{\376\377\153\047\121\340\221\314\137\227\173\227\154\325}{section.9}% 15
\BOOKMARK [2][-]{subsection.9.2}{\376\377\146\364\166\370\121\317\143\137\147\057}{section.9}% 16
\BOOKMARK [1][-]{section.10}{\376\377\123\315\213\301\154\325\000\050\000p\000r\000o\000o\000f\000\040\000b\000y\000\040\000c\000o\000n\000t\000r\000a\000d\000i\000c\000t\000i\000o\000n\000\051}{part.2}% 17
\BOOKMARK [1][-]{section.11}{\376\377\142\130\122\322\133\306\133\232\164\006\000\050\000P\000t\000o\000l\000e\000m\000y\000'\000s\000\040\000t\000h\000e\000o\000r\000e\000m\000\051}{part.2}% 18
\BOOKMARK [0][-]{part.3}{\376\377\000I\000I\000I\000\040\000P\000a\000r\000t\0003\000\040\000-\000\040\000B\000a\000s\000i\000c\000s}{}% 19
\BOOKMARK [1][-]{section.12}{\376\377\145\160\133\146\173\046\123\367}{part.3}% 20
\BOOKMARK [1][-]{section.13}{\376\377\163\257\000\050\000R\000i\000n\000g\000\051\060\001\127\337\000\050\000F\000i\000e\000l\000d\000\051\060\001\145\160\174\373}{part.3}% 21
\BOOKMARK [1][-]{section.14}{\376\377\175\040\145\160\060\001\124\010\145\160}{part.3}% 22
\BOOKMARK [1][-]{section.15}{\376\377\124\021\221\317\000\050\000v\000e\000c\000t\000o\000r\000\051}{part.3}% 23
\BOOKMARK [2][-]{subsection.15.1}{\376\377\203\003\145\160\000N\000o\000r\000m}{section.15}% 24
\BOOKMARK [2][-]{subsection.15.2}{\376\377\121\205\171\357}{section.15}% 25
\BOOKMARK [2][-]{subsection.15.3}{\376\377\000C\000r\000o\000s\000s\000\040\000P\000r\000o\000d\000u\000c\000t\000\050\123\311\171\357\000\051}{section.15}% 26
\BOOKMARK [2][-]{subsection.15.4}{\376\377\124\021\221\317\121\163\174\373}{section.15}% 27
\BOOKMARK [1][-]{section.16}{\376\377\143\007\145\160\116\016\133\371\145\160}{part.3}% 28
\BOOKMARK [2][-]{subsection.16.1}{\376\377\143\007\145\160}{section.16}% 29
\BOOKMARK [2][-]{subsection.16.2}{\376\377\133\371\145\160}{section.16}% 30
\BOOKMARK [1][-]{section.17}{\376\377\143\222\122\027\176\304\124\010\000\050\000p\000e\000r\000m\000u\000t\000a\000t\000i\000o\000n\000\040\000a\000n\000d\000\040\000c\000o\000m\000b\000i\000n\000a\000t\000i\000o\000n\000\051}{part.3}% 31
\BOOKMARK [2][-]{subsection.17.1}{\376\377\143\222\122\027\000\050\000p\000e\000r\000m\000u\000t\000a\000t\000i\000o\000n\000\051}{section.17}% 32
\BOOKMARK [2][-]{subsection.17.2}{\376\377\176\304\124\010\000\050\000c\000o\000m\000b\000i\000n\000a\000t\000i\000o\000n\000\051}{section.17}% 33
\BOOKMARK [1][-]{section.18}{\376\377\140\122\173\111\137\017\000I\000d\000e\000n\000t\000i\000t\000y}{part.3}% 34
\BOOKMARK [2][-]{subsection.18.1}{\376\377\173\111\136\102\124\214\135\356}{section.18}% 35
\BOOKMARK [1][-]{section.19}{\376\377\116\015\173\111\137\017\000i\000n\000e\000q\000u\000a\000l\000i\000t\000i\000e\000s}{part.3}% 36
\BOOKMARK [2][-]{subsection.19.1}{\376\377\147\357\211\177\116\015\173\111\137\017\000\050\000C\000a\000u\000c\000h\000y\040\023\000S\000c\000h\000w\000a\000r\000z\000\040\000i\000n\000e\000q\000u\000a\000l\000i\000t\000y\000\051}{section.19}% 37
\BOOKMARK [2][-]{subsection.19.2}{\376\377\123\315\124\021\147\357\211\177\116\015\173\111\137\017\377\037}{section.19}% 38
\BOOKMARK [2][-]{subsection.19.3}{\376\377\123\141\134\024\147\176\116\015\173\111\137\017\000\050\000C\000a\000r\000l\000e\000m\000a\000n\000'\000s\000\040\000i\000n\000e\000q\000u\000a\000l\000i\000t\000y\000\051}{section.19}% 39
\BOOKMARK [1][-]{section.20}{\376\377\116\011\211\322\121\375\145\160\000\050\000t\000r\000i\000g\000o\000n\000o\000m\000e\000t\000r\000i\000c\000\040\000f\000u\000n\000c\000t\000i\000o\000n\000s\000\051}{part.3}% 40
\BOOKMARK [1][-]{section.21}{\376\377\176\335\133\371\120\074}{part.3}% 41
\BOOKMARK [2][-]{subsection.21.1}{\376\377\147\000\120\074}{section.21}% 42
\BOOKMARK [2][-]{subsection.21.2}{\376\377\147\000\120\074\143\250\136\177\377\032\131\107\160\271\120\166\153\265}{section.21}% 43
\BOOKMARK [0][-]{part.4}{\376\377\000I\000V\000\040\000P\000a\000r\000t\0004\121\340\117\125}{}% 44
\BOOKMARK [1][-]{section.22}{\376\377\000i\000n\000i\000t}{part.4}% 45
\BOOKMARK [1][-]{section.23}{\376\377\116\011\211\322\137\142}{part.4}% 46
\BOOKMARK [2][-]{subsection.23.1}{\376\377\121\150\173\111}{section.23}% 47
\BOOKMARK [2][-]{subsection.23.2}{\376\377\166\370\117\074}{section.23}% 48
\BOOKMARK [2][-]{subsection.23.3}{\376\377\211\322\136\163\122\006\176\277\060\001\211\322\136\163\122\006\176\277\133\232\164\006\060\001\121\205\137\303}{section.23}% 49
\BOOKMARK [2][-]{subsection.23.4}{\376\377\116\055\176\277\060\001\221\315\137\303\133\232\164\006\060\001\116\055\117\115\176\277\133\232\164\006}{section.23}% 50
\BOOKMARK [2][-]{subsection.23.5}{\376\377\127\202\137\303}{section.23}% 51
\BOOKMARK [2][-]{subsection.23.6}{\376\377\000M\000I\000S\000C\000\050\116\011\211\322\137\142\000\051}{section.23}% 52
\BOOKMARK [1][-]{section.24}{\376\377\127\006}{part.4}% 53
\BOOKMARK [1][-]{section.25}{\376\377\166\364\176\277}{part.4}% 54
\BOOKMARK [2][-]{subsection.25.1}{\376\377\145\234\163\207\000\050\000s\000l\000o\000p\000e\000\051}{section.25}% 55
\BOOKMARK [2][-]{subsection.25.2}{\376\377\160\271\122\060\166\364\176\277\166\204\215\335\171\273}{section.25}% 56
\BOOKMARK [2][-]{subsection.25.3}{\376\377\136\163\210\114\176\277\116\113\225\364\166\204\215\335\171\273}{section.25}% 57
\BOOKMARK [1][-]{section.26}{\376\377\116\000\121\103\116\214\153\041\145\271\172\013}{part.4}% 58
\BOOKMARK [2][-]{subsection.26.1}{\376\377\117\213\133\120}{section.26}% 59
\BOOKMARK [1][-]{section.27}{\376\377\121\340\117\125\152\041\127\213}{part.4}% 60
\BOOKMARK [2][-]{subsection.27.1}{\376\377\215\071\232\154\160\271\000\050\000F\000e\000r\000m\000a\000t\000\040\000p\000o\000i\000n\000t\000\051}{section.27}% 61
\BOOKMARK [2][-]{subsection.27.2}{\376\377\143\242\161\147\160\157\152\041\127\213\000-\000\040\133\232\211\322\133\232\232\330}{section.27}% 62
\BOOKMARK [1][-]{section.28}{\376\377\000M\000I\000S\000C}{part.4}% 63
\BOOKMARK [0][-]{part.5}{\376\377\000V\000\040\000M\000I\000S\000C}{}% 64
\BOOKMARK [1][-]{section.29}{\376\377\000p\000r\000e\000l\000u\000d\000e}{part.5}% 65
\BOOKMARK [1][-]{section.30}{\376\377\127\120\150\007\136\163\171\373\060\001\177\051\145\076\060\001\145\313\217\154}{part.5}% 66
\BOOKMARK [2][-]{subsection.30.1}{\376\377\136\163\171\373\000t\000r\000a\000n\000s\000l\000a\000t\000i\000o\000n}{section.30}% 67
\BOOKMARK [2][-]{subsection.30.2}{\376\377\177\051\145\076\000s\000c\000a\000l\000e}{section.30}% 68
\BOOKMARK [2][-]{subsection.30.3}{\376\377\145\313\217\154\000r\000o\000t\000a\000t\000i\000o\000n}{section.30}% 69
\BOOKMARK [2][-]{subsection.30.4}{\376\377\000S\000u\000m\000m\000a\000r\000y}{section.30}% 70
\BOOKMARK [2][-]{subsection.30.5}{\376\377\117\213\133\120\000e\000x\000a\000m\000p\000l\000e}{section.30}% 71
\BOOKMARK [2][-]{subsection.30.6}{\376\377\000m\000i\000s\000c}{section.30}% 72
\BOOKMARK [1][-]{section.31}{\376\377\126\340\137\017\122\006\211\343}{part.5}% 73
\BOOKMARK [1][-]{section.32}{\376\377\147\000\120\074}{part.5}% 74
\BOOKMARK [2][-]{subsection.32.1}{\376\377\116\011\211\322\121\375\145\160}{section.32}% 75
\BOOKMARK [2][-]{subsection.32.2}{\376\377\147\357\211\177}{section.32}% 76
\BOOKMARK [2][-]{subsection.32.3}{\376\377\000m\000i\000s\000c}{section.32}% 77
\BOOKMARK [1][-]{section.33}{\376\377\150\071\137\017\145\271\172\013\060\001\150\071\137\017\123\026\173\200\060\001\143\007\145\160\145\271\172\013}{part.5}% 78
\BOOKMARK [1][-]{section.34}{\376\377\000m\000i\000s\000c}{part.5}% 79
