\BOOKMARK [1][-]{section.1}{\376\377\000M\000I\000S\000C}{}% 1
\BOOKMARK [1][-]{section.2}{\376\377\166\364\176\277\124\214\136\163\227\142}{}% 2
\BOOKMARK [2][-]{subsection.2.1}{\376\377\000l\000i\000n\000e\166\364\176\277}{section.2}% 3
\BOOKMARK [2][-]{subsection.2.2}{\376\377\000P\000l\000a\000n\000e\136\163\227\142}{section.2}% 4
\BOOKMARK [2][-]{subsection.2.3}{\376\377\136\163\227\142\121\163\174\373}{section.2}% 5
\BOOKMARK [2][-]{subsection.2.4}{\376\377\166\364\176\277\121\163\174\373\000\050\000s\000a\000m\000e\000\040\000a\000s\000\040\136\163\227\142\000\051}{section.2}% 6
\BOOKMARK [2][-]{subsection.2.5}{\376\377\166\364\176\277\116\016\136\163\227\142}{section.2}% 7
\BOOKMARK [2][-]{subsection.2.6}{\376\377\215\335\171\273}{section.2}% 8
\BOOKMARK [2][-]{subsection.2.7}{\376\377\146\362\176\277\166\204\122\007\176\277\060\001\146\362\227\142\166\204\122\007\136\163\227\142}{section.2}% 9
\BOOKMARK [1][-]{section.3}{\376\377\116\015\173\111\137\017}{}% 10
\BOOKMARK [1][-]{section.4}{\376\377\000C\000a\000l\000c\000u\000l\000u\000s\137\256\171\357\122\006}{}% 11
\BOOKMARK [2][-]{subsection.4.1}{\376\377\000M\000i\000s\000c}{section.4}% 12
\BOOKMARK [2][-]{subsection.4.2}{\376\377\145\340\172\167\134\017}{section.4}% 13
\BOOKMARK [2][-]{subsection.4.3}{\376\377\000L\000i\000m\000i\000t\000\050\147\201\226\120\000\051}{section.4}% 14
\BOOKMARK [2][-]{subsection.4.4}{\376\377\000D\000e\000r\000i\000v\000a\000t\000i\000v\000e\133\374\145\160}{section.4}% 15
\BOOKMARK [2][-]{subsection.4.5}{\376\377\000I\000n\000t\000e\000g\000r\000a\000l\171\357\122\006}{section.4}% 16
\BOOKMARK [2][-]{subsection.4.6}{\376\377\131\032\121\103\137\256\171\357\122\006\000\040\000m\000u\000l\000t\000i\000v\000a\000r\000i\000a\000b\000l\000e\000\040\000c\000a\000l\000c\000u\000l\000u\000s}{section.4}% 17
\BOOKMARK [2][-]{subsection.4.7}{\376\377\131\032\121\103\121\375\145\160\166\204\147\201\120\074}{section.4}% 18
\BOOKMARK [2][-]{subsection.4.8}{\376\377\147\141\116\366\121\375\145\160\166\204\147\201\120\074}{section.4}% 19
\BOOKMARK [2][-]{subsection.4.9}{\376\377\116\313\120\074\133\232\164\006\000\040\000I\000n\000t\000e\000r\000m\000e\000d\000i\000a\000t\000e\000\040\000v\000a\000l\000u\000e\000\040\000t\000h\000e\000o\000r\000e\000m}{section.4}% 20
\BOOKMARK [2][-]{subsection.4.10}{\376\377\147\201\120\074\133\232\164\006}{section.4}% 21
\BOOKMARK [2][-]{subsection.4.11}{\376\377\137\256\171\357\122\006\127\372\147\054\133\232\164\006}{section.4}% 22
\BOOKMARK [2][-]{subsection.4.12}{\376\377\116\055\120\074\133\232\164\006\000\050\000M\000e\000a\000n\000\040\000V\000a\000l\000u\000e\000\040\000T\000h\000e\000o\000r\000e\000m\000\051}{section.4}% 23
\BOOKMARK [2][-]{subsection.4.13}{\376\377\000T\000a\000y\000l\000o\000r\000'\000s\000\040\000F\000o\000r\000m\000u\000l\000a\000\050\154\360\122\322\121\154\137\017\000\051}{section.4}% 24
\BOOKMARK [2][-]{subsection.4.14}{\376\377\176\247\145\160}{section.4}% 25
\BOOKMARK [2][-]{subsection.4.15}{\376\377\136\070\165\050}{section.4}% 26
\BOOKMARK [2][-]{subsection.4.16}{\376\377\000M\000I\000S\000C}{section.4}% 27
\BOOKMARK [1][-]{section.5}{\376\377\151\202\163\207\176\337\213\241}{}% 28
\BOOKMARK [2][-]{subsection.5.1}{\376\377\000t\000i\000p\000s}{section.5}% 29
\BOOKMARK [2][-]{subsection.5.2}{\376\377\143\222\122\027\060\001\176\304\124\010}{section.5}% 30
\BOOKMARK [2][-]{subsection.5.3}{\376\377\000P\000r\000o\000b\000a\000b\000i\000l\000i\000t\000y}{section.5}% 31
\BOOKMARK [2][-]{subsection.5.4}{\376\377\162\354\172\313\124\214\116\222\145\245}{section.5}% 32
\BOOKMARK [2][-]{subsection.5.5}{\376\377\151\202\163\207\172\172\225\364\060\001\122\006\136\003\121\375\145\160\060\001\147\037\147\033\060\001\145\271\135\356}{section.5}% 33
\BOOKMARK [2][-]{subsection.5.6}{\376\377\136\070\211\301\122\006\136\003}{section.5}% 34
\BOOKMARK [2][-]{subsection.5.7}{\376\377\000E\000x\000a\000m\000p\000l\000e\000s}{section.5}% 35
\BOOKMARK [1][-]{section.6}{\376\377\176\277\140\047\116\343\145\160\000\040\000L\000i\000n\000e\000a\000r\000\040\000a\000l\000g\000e\000b\000r\000a}{}% 36
\BOOKMARK [2][-]{subsection.6.1}{\376\377\000V\000e\000c\000t\000o\000r}{section.6}% 37
\BOOKMARK [2][-]{subsection.6.2}{\376\377\145\271\172\013\166\204\211\343}{section.6}% 38
\BOOKMARK [2][-]{subsection.6.3}{\376\377\117\064\226\217\167\351\226\065}{section.6}% 39
\BOOKMARK [2][-]{subsection.6.4}{\376\377\220\006\167\351\226\065\000A\000-\0001}{section.6}% 40
\BOOKMARK [2][-]{subsection.6.5}{\376\377\153\143\116\244\060\001\124\010\124\014\060\001\153\143\133\232\060\001\166\370\117\074}{section.6}% 41
\BOOKMARK [2][-]{subsection.6.6}{\376\377\162\171\137\201\120\074\060\001\162\171\137\201\124\021\221\317}{section.6}% 42
\BOOKMARK [2][-]{subsection.6.7}{\376\377\153\047\137\017\172\172\225\364\060\001\150\007\121\306\153\143\116\244\127\372}{section.6}% 43
\BOOKMARK [2][-]{subsection.6.8}{\376\377\000M\000I\000S\000C}{section.6}% 44
\BOOKMARK [1][-]{section.7}{\376\377\000H\000i\000g\000h\000s\000c\000h\000o\000o\000l}{}% 45
\BOOKMARK [2][-]{subsection.7.1}{\376\377\000m\000i\000s\000c}{section.7}% 46
\BOOKMARK [1][-]{section.8}{\376\377\000M\000I\000S\000C}{}% 47
